Exit code: 1


> sercoprev-web@0.1.0 build:cloudflare
> opennextjs-cloudflare build


┌─────────────────────────────┐
│ OpenNext — Cloudflare build │
└─────────────────────────────┘

App directory: /home/runner/work/sercoprev-web/sercoprev-web
Next.js version : 16.2.9
@opennextjs/cloudflare version: 1.19.11
@opennextjs/aws version: 4.0.2
WARN workerd compatibility_date: 2025-04-01, consider updating your wrangler config to a more recent date to benefit from the latest features and fixes.

┌─────────────────────────────────┐
│ OpenNext — Building Next.js app │
└─────────────────────────────────┘


> sercoprev-web@0.1.0 build
> next build

⚠ No build cache found. Please configure build caching for faster rebuilds. Read more: https://nextjs.org/docs/messages/no-cache
Attention: Next.js now collects completely anonymous telemetry regarding usage.
This information is used to shape Next.js' roadmap and prioritize features.
You can learn more, including how to opt-out if you'd not like to participate in this anonymous program, by visiting the following URL:
https://nextjs.org/telemetry

Using secrets defined in .dev.vars
▲ Next.js 16.2.9 (Turbopack)
- Experiments (use with caution):
  · serverActions

  Creating an optimized production build ...
✓ Compiled successfully in 5.3s
  Running TypeScript ...
  Finished TypeScript in 4.3s ...
  Collecting page data using 3 workers ...
  Generating static pages using 3 workers (0/5) ...
  Generating static pages using 3 workers (1/5) 
  Generating static pages using 3 workers (2/5) 
  Generating static pages using 3 workers (3/5) 
✓ Generating static pages using 3 workers (5/5) in 264ms
  Finalizing page optimization ...

Route (app)
┌ ○ /
├ ○ /_not-found
├ ƒ /admin
├ ƒ /cuenta/cambiar-clave
├ ƒ /dashboard
└ ƒ /login


ƒ Proxy (Middleware)

○  (Static)   prerendered as static content
ƒ  (Dynamic)  server-rendered on demand

ERROR Node.js middleware is not currently supported. Consider switching to Edge Middleware.
